\BOOKMARK [1][-]{section.1}{\376\377\000C\000o\000n\000t\000e\000n\000t\000s}{}% 1
\BOOKMARK [1][-]{section.2}{\376\377\000I\000N\000T\000R\000O\000D\000U\000C\000T\000I\000O\000N}{}% 2
\BOOKMARK [1][-]{section.3}{}{}% 3
\BOOKMARK [2][-]{subsection.4}{\376\377\000P\000r\000o\000b\000l\000e\000m\000\040\000S\000t\000a\000t\000e\000m\000e\000n\000t}{section.3}% 4
\BOOKMARK [1][-]{section.5}{}{}% 5
\BOOKMARK [2][-]{subsection.7}{\376\377\000C\000o\000n\000t\000e\000x\000t}{section.5}% 6
\BOOKMARK [2][-]{subsection.8}{\376\377\000G\000a\000p}{section.5}% 7
\BOOKMARK [1][-]{section.11}{}{}% 8
\BOOKMARK [2][-]{subsection.12}{\376\377\000A\000i\000m\000s}{section.11}% 9
\BOOKMARK [1][-]{section.13}{\376\377\000B\000a\000c\000k\000g\000r\000o\000u\000n\000d\000\040\000a\000n\000d\000\040\000L\000i\000t\000e\000r\000a\000t\000u\000r\000e\000\040\000R\000e\000v\000i\000e\000w}{}% 10
\BOOKMARK [2][-]{subsection.14}{\376\377\000T\000h\000e\000r\000m\000o\000d\000y\000n\000a\000m\000i\000c\000\040\000F\000o\000u\000n\000d\000a\000t\000i\000o\000n}{section.13}% 11
\BOOKMARK [2][-]{subsection.18}{\376\377\000T\000I\000T\000\040\000D\000e\000c\000i\000s\000i\000o\000n\000\040\000I\000m\000p\000o\000r\000t\000a\000n\000c\000e}{section.13}% 12
\BOOKMARK [2][-]{subsection.19}{\376\377\000P\000o\000l\000l\000u\000t\000a\000n\000t\000\040\000F\000o\000r\000m\000a\000t\000i\000o\000n\000\040\000M\000e\000c\000h\000a\000n\000i\000s\000m\000s\000\040\000a\000n\000d\000\040\000T\000e\000m\000p\000e\000r\000a\000t\000u\000r\000e\000\040\000S\000e\000n\000s\000i\000t\000i\000v\000i\000t\000y\000\040\000f\000o\000r\000\040\000N\000o\000x\000\040\000a\000n\000d\000\040\000C\000O}{section.13}% 13
\BOOKMARK [2][-]{subsection.20}{}{section.13}% 14
\BOOKMARK [2][-]{subsection.21}{\376\377\000T\000h\000e\000\040\000P\000u\000b\000l\000i\000c\000\040\000H\000e\000a\000l\000t\000h}{section.13}% 15
\BOOKMARK [2][-]{subsection.22}{}{section.13}% 16
\BOOKMARK [2][-]{subsection.23}{\376\377\000D\000a\000t\000a\000\040\000D\000r\000i\000v\000e\000n\000\040\000G\000a\000s\000\040\000T\000u\000r\000b\000i\000n\000e\000\040\000E\000m\000i\000s\000s\000i\000o\000n\000s\000\040\000M\000o\000d\000e\000l\000l\000i\000n\000g}{section.13}% 17
\BOOKMARK [1][-]{section.24}{}{}% 18
\BOOKMARK [2][-]{subsection.25}{\376\377\000O\000p\000t\000i\000m\000i\000z\000e\000r\000-\000I\000n\000-\000T\000h\000e\000-\000L\000o\000o\000p\000\040\000A\000p\000p\000r\000o\000a\000c\000h}{section.24}% 19
\BOOKMARK [2][-]{subsection.26}{}{section.24}% 20
\BOOKMARK [2][-]{subsection.27}{\376\377\000D\000i\000s\000t\000r\000i\000b\000u\000t\000i\000o\000n\000-\000F\000r\000e\000e\000\040\000C\000a\000l\000i\000b\000r\000a\000t\000i\000o\000n\000\040\000a\000n\000d\000\040\000R\000i\000s\000k\000\040\000C\000o\000n\000t\000r\000o\000l}{section.24}% 21
\BOOKMARK [2][-]{subsection.28}{\376\377\000M\000u\000l\000t\000i\000-\000O\000b\000j\000e\000c\000t\000i\000v\000e\000\040\000E\000c\000o\000n\000o\000m\000i\000c\000-\000E\000m\000i\000s\000s\000i\000o\000n\000s\000\040\000T\000r\000a\000d\000e\000\040\000O\000f\000f\000s}{section.24}% 22
\BOOKMARK [1][-]{section.29}{\376\377\000M\000e\000t\000h\000o\000d\000o\000l\000o\000g\000y}{}% 23
\BOOKMARK [1][-]{section.30}{}{}% 24
\BOOKMARK [2][-]{subsection.31}{\376\377\000P\000r\000o\000b\000l\000e\000m\000\040\000S\000e\000t\000u\000p\000\040}{section.30}% 25
\BOOKMARK [3][-]{subsubsection.32}{\376\377\000E\000c\000o\000n\000o\000m\000i\000c\000\040\000O\000b\000j\000e\000c\000t\000i\000v\000e}{subsection.31}% 26
\BOOKMARK [3][-]{subsubsection.33}{\376\377\000O\000p\000e\000r\000a\000t\000i\000o\000n\000a\000l\000\040\000A\000n\000d\000\040\000S\000a\000f\000e\000t\000y\000\040\000C\000o\000n\000s\000t\000r\000a\000i\000n\000t\000s}{subsection.31}% 27
\BOOKMARK [3][-]{subsubsection.34}{\376\377\000C\000o\000n\000f\000o\000r\000m\000a\000l\000\040\000U\000p\000p\000e\000r\000\040\000B\000o\000u\000n\000d\000s}{subsection.31}% 28
\BOOKMARK [3][-]{subsubsection.35}{\376\377\000C\000o\000n\000t\000r\000o\000l\000l\000e\000r\000\040\000O\000p\000t\000i\000m\000i\000z\000e\000r\000\040\000P\000e\000r\000\040\000H\000o\000u\000r}{subsection.31}% 29
\BOOKMARK [3][-]{subsubsection.36}{\376\377\000C\000o\000n\000t\000r\000o\000l\000\040\000O\000f\000\040\000R\000i\000s\000k\000\040\000P\000a\000r\000a\000m\000e\000t\000e\000r\000s}{subsection.31}% 30
\BOOKMARK [2][-]{subsection.37}{\376\377\000S\000u\000r\000r\000o\000g\000a\000t\000e\000\040\000M\000o\000d\000e\000l\000\040\000T\000r\000a\000i\000n\000i\000n\000g}{section.30}% 31
\BOOKMARK [3][-]{subsubsection.38}{\376\377\000R\000e\000a\000s\000o\000n\000i\000n\000g\000\040\000F\000o\000r\000\040\000G\000r\000a\000d\000i\000e\000n\000t\000\040\000B\000o\000o\000s\000t\000e\000d\000\040\000T\000r\000e\000e\000s\000\040\000O\000v\000e\000r\000\040\000N\000N\000s}{subsection.37}% 32
\BOOKMARK [3][-]{subsubsection.41}{\376\377\000S\000p\000e\000c\000i\000f\000i\000c\000\040\000S\000u\000r\000r\000o\000g\000a\000t\000e\000\040\000I\000m\000p\000l\000e\000m\000e\000n\000t\000a\000t\000i\000o\000n\000\040\000U\000s\000e\000d}{subsection.37}% 33
\BOOKMARK [3][-]{subsubsection.43}{\376\377\000L\000a\000g\000s\000\040\000A\000n\000d\000\040\000T\000h\000e\000i\000r\000\040\000P\000h\000y\000s\000i\000c\000a\000l\000\040\000S\000i\000g\000n\000i\000f\000i\000c\000a\000n\000c\000e\000\040\000i\000n\000\040\000E\000m\000i\000s\000s\000i\000o\000n\000\040\000P\000r\000e\000d\000i\000c\000t\000i\000o\000n\000\040}{subsection.37}% 34
\BOOKMARK [2][-]{subsection.44}{\376\377\000C\000o\000n\000f\000o\000r\000m\000a\000l\000\040\000C\000a\000l\000i\000b\000r\000a\000t\000i\000o\000n}{section.30}% 35
\BOOKMARK [2][-]{subsection.45}{\376\377\000C\000R\000C\000\040\000T\000h\000r\000e\000s\000h\000o\000l\000d}{section.30}% 36
\BOOKMARK [2][-]{subsection.49}{\376\377\000C\000l\000o\000s\000e\000d\000\040\000L\000o\000o\000p\000\040\000S\000i\000m\000u\000l\000a\000t\000o\000r}{section.30}% 37
\BOOKMARK [2][-]{subsection.57}{\376\377\000A\000s\000s\000u\000m\000p\000t\000i\000o\000n\000s\000,\000\040\000L\000i\000m\000i\000t\000a\000t\000i\000o\000n\000s\000,\000\040\000C\000o\000m\000p\000l\000e\000x\000i\000t\000y}{section.30}% 38
\BOOKMARK [2][-]{subsection.58}{}{section.30}% 39
\BOOKMARK [3][-]{subsubsection.59}{\376\377\000A\000s\000s\000u\000m\000p\000t\000i\000o\000n\000s}{subsection.58}% 40
\BOOKMARK [3][-]{subsubsection.60}{\376\377\000L\000i\000m\000i\000t\000a\000t\000i\000o\000n\000s}{subsection.58}% 41
\BOOKMARK [3][-]{subsubsection.61}{}{subsection.58}% 42
\BOOKMARK [3][-]{subsubsection.62}{\376\377\000C\000o\000m\000p\000u\000t\000a\000t\000i\000o\000n\000a\000l\000\040\000C\000o\000m\000p\000l\000e\000x\000i\000t\000y}{subsection.58}% 43
\BOOKMARK [2][-]{subsection.65}{\376\377\000I\000s\000s\000u\000e\000s\000\040\000e\000n\000c\000o\000u\000n\000t\000e\000r\000e\000d\000\040}{section.30}% 44
\BOOKMARK [3][-]{subsubsection.66}{\376\377\000L\000o\000w\000\040\000m\000o\000d\000e\000l\000\040\000a\000c\000c\000u\000r\000a\000c\000y\000\040\000w\000i\000t\000h\000o\000u\000t\000\040\000c\000o\000n\000s\000i\000d\000e\000r\000i\000n\000g\000\040\000t\000i\000m\000e\000\040\000d\000y\000n\000a\000m\000i\000c\000s\000\040}{subsection.65}% 45
\BOOKMARK [3][-]{subsubsection.67}{\376\377\000U\000n\000f\000a\000i\000t\000h\000f\000u\000l\000\040\000C\000R\000C\000\040\000i\000m\000p\000l\000e\000m\000e\000n\000t\000a\000t\000i\000o\000n}{subsection.65}% 46
\BOOKMARK [3][-]{subsubsection.70}{\376\377\000C\000o\000m\000p\000u\000t\000a\000t\000i\000o\000n\000\040\000t\000i\000m\000e}{subsection.65}% 47
\BOOKMARK [3][-]{subsubsection.71}{}{subsection.65}% 48
\BOOKMARK [1][-]{section.72}{\376\377\000R\000e\000s\000u\000l\000t\000s\000\040\000A\000n\000d\000\040\000D\000i\000s\000c\000u\000s\000s\000i\000o\000n}{}% 49
\BOOKMARK [1][-]{section.73}{}{}% 50
\BOOKMARK [2][-]{subsection.74}{\376\377\000D\000e\000s\000c\000r\000i\000p\000t\000i\000o\000n\000\040\000o\000f\000\040\000R\000e\000s\000u\000l\000t\000\040\000S\000e\000t}{section.73}% 51
\BOOKMARK [2][-]{subsection.75}{\376\377\000K\000e\000y\000\040\000R\000e\000s\000u\000l\000t}{section.73}% 52
\BOOKMARK [2][-]{subsection.76}{\376\377\000S\000u\000r\000r\000o\000g\000a\000t\000e\000\040\000M\000o\000d\000e\000l\000\040\000P\000o\000i\000n\000t\000\040\000A\000c\000c\000u\000r\000a\000c\000y}{section.73}% 53
\BOOKMARK [2][-]{subsection.77}{}{section.73}% 54
\BOOKMARK [3][-]{subsubsection.78}{\376\377\000P\000o\000i\000n\000t\000\040\000M\000o\000d\000e\000l}{subsection.77}% 55
\BOOKMARK [3][-]{subsubsection.79}{\376\377\000T\000a\000i\000l\000\040\000A\000c\000c\000u\000r\000a\000c\000y\000\040\000a\000n\000d\000\040\000U\000n\000c\000e\000r\000t\000a\000i\000n\000t\000y\000\040\000C\000a\000l\000i\000b\000r\000a\000t\000i\000o\000n}{subsection.77}% 56
\BOOKMARK [2][-]{subsection.86}{\376\377\000S\000i\000m\000u\000l\000a\000t\000i\000o\000n}{section.73}% 57
\BOOKMARK [3][-]{subsubsection.87}{\376\377\000C\000R\000C\000\040\000R\000i\000s\000k\000\040\000T\000h\000r\000e\000s\000h\000o\000l\000d\000\040\000a\000n\000d\000\040\000C\000l\000o\000s\000e\000d\000\040\000L\000o\000o\000p\000\040\000R\000i\000s\000k\000\040\000C\000o\000n\000t\000r\000o\000l}{subsection.86}% 58
\BOOKMARK [2][-]{subsection.92}{\376\377\000P\000a\000r\000e\000t\000o\000\040\000F\000r\000o\000n\000t\000i\000e\000r}{section.73}% 59
\BOOKMARK [1][-]{section.104}{\376\377\000T\000h\000e\000\040\000W\000i\000d\000e\000r\000\040\000C\000o\000n\000t\000e\000x\000t}{}% 60
\BOOKMARK [1][-]{section.105}{}{}% 61
\BOOKMARK [2][-]{subsection.106}{\376\377\000I\000n\000t\000e\000r\000p\000r\000e\000t\000a\000t\000i\000o\000n\000\040\000o\000f\000\040\000r\000e\000s\000u\000l\000t\000s}{section.105}% 62
\BOOKMARK [2][-]{subsection.107}{}{section.105}% 63
\BOOKMARK [2][-]{subsection.108}{\376\377\000O\000p\000e\000r\000a\000t\000i\000o\000n\000a\000l\000\040\000T\000r\000a\000n\000s\000l\000a\000t\000i\000o\000n\000\040\000o\000f\000\040\000V\000a\000r\000i\000a\000b\000l\000e\000s}{section.105}% 64
\BOOKMARK [2][-]{subsection.109}{\376\377\000F\000a\000i\000l\000u\000r\000e\000\040\000M\000o\000d\000e\000s\000\040\000a\000n\000d\000\040\000S\000h\000o\000r\000t\000c\000o\000m\000i\000n\000g\000s\000\040}{section.105}% 65
\BOOKMARK [1][-]{section.110}{\376\377\000C\000o\000n\000c\000l\000u\000s\000i\000o\000n}{}% 66
\BOOKMARK [1][-]{section.111}{}{}% 67
\BOOKMARK [1][-]{section.112}{\376\377\000B\000i\000b\000l\000i\000o\000g\000r\000a\000p\000h\000y}{}% 68
\BOOKMARK [1][-]{section.113}{}{}% 69
\BOOKMARK [1][-]{section.114}{}{}% 70
\BOOKMARK [1][-]{section.115}{\376\377\000A\000p\000p\000e\000n\000d\000i\000c\000e\000s}{}% 71
\BOOKMARK [1][-]{section.116}{}{}% 72
\BOOKMARK [2][-]{subsection.117}{\376\377\000A\000:\000\040\000P\000s\000e\000u\000d\000o\000c\000o\000d\000e\000\040\000s\000u\000m\000m\000a\000r\000y\000\040\000o\000f\000\040\000m\000a\000i\000n\000\040\000a\000l\000g\000o\000r\000i\000t\000h\000m\000s\000\040\000u\000s\000e\000d\000\040\000i\000n\000\040\000c\000o\000d\000e\000b\000a\000s\000e}{section.116}% 73
\BOOKMARK [1][-]{section.118}{}{}% 74
\BOOKMARK [1][-]{section.119}{}{}% 75
\BOOKMARK [1][-]{section.120}{}{}% 76
\BOOKMARK [2][-]{subsection.121}{\376\377\000B\000\040\040\023\000\040\000R\000e\000s\000u\000l\000t\000s\000\040\000T\000a\000b\000l\000e\000s}{section.120}% 77
\BOOKMARK [1][-]{section.122}{}{}% 78
\BOOKMARK [1][-]{section.123}{}{}% 79
\BOOKMARK [1][-]{section.124}{}{}% 80
\BOOKMARK [1][-]{section.125}{}{}% 81
\BOOKMARK [1][-]{section.126}{}{}% 82
\BOOKMARK [1][-]{section.127}{}{}% 83
\BOOKMARK [1][-]{section.128}{}{}% 84
\BOOKMARK [1][-]{section.129}{}{}% 85
\BOOKMARK [2][-]{subsection.130}{\376\377\000C\000\040\040\023\000\040\000N\000o\000m\000e\000n\000c\000l\000a\000t\000u\000r\000e\000\040\000f\000o\000r\000\040\000c\000o\000m\000p\000l\000e\000x\000i\000t\000y\000\040\000a\000n\000a\000l\000y\000s\000i\000s}{section.129}% 86
\BOOKMARK [1][-]{section.131}{}{}% 87
\BOOKMARK [1][-]{section.132}{}{}% 88
\BOOKMARK [2][-]{subsection.133}{\376\377\000D\000\040\040\023\000\040\000E\000q\000u\000a\000t\000i\000o\000n\000\040\000I\000n\000d\000e\000x}{section.132}% 89
\BOOKMARK [2][-]{subsection.134}{}{section.132}% 90
